code-creation,Stub,0x56178020,296,"JSEntryStub"
code-creation,Stub,0x56178160,296,"JSConstructEntryStub"
code-creation,Stub,0x55582020,860,"CEntryStub"
code-creation,Builtin,0x561782a0,60,"Illegal"
code-creation,Builtin,0x561782e0,60,"EmptyFunction"
code-creation,Builtin,0x56178320,60,"ArrayCodeGeneric"
code-creation,Builtin,0x56178360,60,"ArrayPush"
code-creation,Builtin,0x561783a0,60,"ArrayPop"
code-creation,Builtin,0x561783e0,60,"ArrayShift"
code-creation,Builtin,0x56178420,60,"ArrayUnshift"
code-creation,Builtin,0x56178460,60,"ArraySlice"
code-creation,Builtin,0x561784a0,60,"ArraySplice"
code-creation,Builtin,0x561784e0,60,"ArrayConcat"
code-creation,Builtin,0x56178520,64,"HandleApiCall"
code-creation,Builtin,0x56178560,60,"FastHandleApiCall"
code-creation,Builtin,0x561785a0,64,"HandleApiCallConstruct"
code-creation,Builtin,0x561785e0,60,"HandleApiCallAsFunction"
code-creation,Builtin,0x56178620,60,"HandleApiCallAsConstructor"
code-creation,Builtin,0x56178660,60,"StrictArgumentsCallee"
code-creation,Builtin,0x561786a0,60,"StrictArgumentsCaller"
code-creation,Builtin,0x561786e0,60,"StrictFunctionCaller"
code-creation,Builtin,0x56178720,60,"StrictFunctionArguments"
code-creation,Builtin,0x56178760,196,"ArgumentsAdaptorTrampoline"
code-creation,Builtin,0x56178840,104,"JSConstructCall"
code-creation,Builtin,0x561788c0,608,"JSConstructStubCountdown"
code-creation,Builtin,0x56178b20,540,"JSConstructStubGeneric"
code-creation,Builtin,0x56178d40,508,"JSConstructStubApi"
code-creation,Builtin,0x56178f40,200,"JSEntryTrampoline"
code-creation,Builtin,0x56179020,164,"JSConstructEntryTrampoline"
code-creation,Builtin,0x561790e0,116,"LazyCompile"
code-creation,Builtin,0x56179160,116,"LazyRecompile"
code-creation,Builtin,0x561791e0,156,"NotifyDeoptimized"
code-creation,Builtin,0x56179280,156,"NotifyLazyDeoptimized"
code-creation,Builtin,0x56179320,108,"NotifyOSR"
code-creation,Builtin,0x561793a0,68,"LoadIC_Miss"
code-creation,Builtin,0x56179400,64,"KeyedLoadIC_Miss"
code-creation,Builtin,0x56179440,68,"StoreIC_Miss"
code-creation,Builtin,0x561794a0,64,"KeyedStoreIC_Miss"
code-creation,Builtin,0x561794e0,68,"LoadIC_Initialize"
code-creation,Builtin,0x56179540,68,"LoadIC_PreMonomorphic"
code-creation,Builtin,0x561795a0,304,"LoadIC_Normal"
code-creation,Builtin,0x561796e0,80,"LoadIC_ArrayLength"
code-creation,Builtin,0x56179740,84,"LoadIC_StringLength"
code-creation,Builtin,0x561797a0,132,"LoadIC_StringWrapperLength"
code-creation,Builtin,0x56179840,136,"LoadIC_FunctionPrototype"
code-creation,Builtin,0x561798e0,268,"LoadIC_Megamorphic"
code-creation,Builtin,0x56179a00,64,"KeyedLoadIC_Initialize"
code-creation,Builtin,0x56179a40,64,"KeyedLoadIC_PreMonomorphic"
code-creation,Builtin,0x56179a80,788,"KeyedLoadIC_Generic"
code-creation,Builtin,0x5617a020,668,"KeyedLoadIC_String"
code-creation,Builtin,0x5617a2c0,128,"KeyedLoadIC_IndexedInterceptor"
code-creation,Builtin,0x5617a340,68,"StoreIC_Initialize"
code-creation,Builtin,0x5617a3a0,148,"StoreIC_ArrayLength"
code-creation,Builtin,0x5617a440,364,"StoreIC_Normal"
code-creation,Builtin,0x5617a5c0,268,"StoreIC_Megamorphic"
code-creation,Builtin,0x5617a6e0,80,"StoreIC_GlobalProxy"
code-creation,Builtin,0x5617a740,68,"StoreIC_Initialize_Strict"
code-creation,Builtin,0x5617a7a0,148,"StoreIC_ArrayLength_Strict"
code-creation,Builtin,0x5617a840,364,"StoreIC_Normal_Strict"
code-creation,Builtin,0x5617a9c0,268,"StoreIC_Megamorphic_Strict"
code-creation,Builtin,0x5617aae0,80,"StoreIC_GlobalProxy_Strict"
code-creation,Builtin,0x5617ab40,64,"KeyedStoreIC_Initialize"
code-creation,Builtin,0x5617ab80,304,"KeyedStoreIC_Generic"
code-creation,Builtin,0x5617acc0,64,"KeyedStoreIC_Initialize_Strict"
code-creation,Builtin,0x5617ad00,304,"KeyedStoreIC_Generic_Strict"
code-creation,Builtin,0x5617ae40,404,"FunctionCall"
code-creation,Builtin,0x5617afe0,436,"FunctionApply"
code-creation,Builtin,0x5617b1a0,600,"ArrayCode"
code-creation,Builtin,0x5617b400,588,"ArrayConstructCode"
code-creation,Builtin,0x5617b660,440,"StringConstructCode"
code-creation,Builtin,0x5617b820,836,"OnStackReplacement"
code-creation,Builtin,0x5617bb80,120,"Return_DebugBreak"
code-creation,Builtin,0x5617bc00,128,"ConstructCall_DebugBreak"
code-creation,Builtin,0x5617bc80,112,"StubNoRegisters_DebugBreak"
code-creation,Builtin,0x5617bd00,120,"LoadIC_DebugBreak"
code-creation,Builtin,0x5617bd80,120,"KeyedLoadIC_DebugBreak"
code-creation,Builtin,0x5617be00,120,"StoreIC_DebugBreak"
code-creation,Builtin,0x5617be80,120,"KeyedStoreIC_DebugBreak"
code-creation,Builtin,0x5617bf00,112,"Slot_DebugBreak"
code-creation,Builtin,0x5617bf80,80,"PlainReturn_LiveEdit"
code-creation,Builtin,0x5617c020,80,"FrameDropper_LiveEdit"
code-creation,Stub,0x5617c080,60,"StackCheckStub"
code-creation,Script,0x5617c0c0,816,"native runtime.js",0x5613a4ec,
code-creation,CallInitialize,0x5617c400,200,"args_count: 1"
code-creation,CallInitialize,0x5617c4e0,200,"args_count: 2"
code-creation,LazyCompile,0x5617c5c0,1568,"EQUALS native runtime.js:54",0x56139498,
code-creation,LazyCompile,0x5617cbe0,368,"STRICT_EQUALS native runtime.js:93",0x561394f4,
code-creation,Stub,0x5617cd60,224,"StringCompare"
code-creation,Stub,0x5617ce40,136,"CompareIC"
code-creation,LazyCompile,0x5617cee0,1180,"COMPARE native runtime.js:113",0x56139550,
code-creation,Stub,0x5617d380,1208,"StringAdd"
code-creation,LazyCompile,0x5617d840,784,"ADD native runtime.js:156",0x561395ac,
code-creation,LazyCompile,0x5617db60,304,"SUB native runtime.js:207",0x561396c0,
code-creation,LazyCompile,0x5617dca0,304,"MUL native runtime.js:215",0x5613971c,
code-creation,LazyCompile,0x5617dde0,304,"DIV native runtime.js:223",0x56139778,
code-creation,LazyCompile,0x5617e020,304,"MOD native runtime.js:231",0x561397d4,
code-creation,LazyCompile,0x5617e160,304,"BIT_OR native runtime.js:245",0x56139830,
code-creation,LazyCompile,0x5617e2a0,440,"BIT_AND native runtime.js:253",0x5613988c,
code-creation,LazyCompile,0x5617e460,304,"BIT_XOR native runtime.js:275",0x561398e8,
code-creation,LazyCompile,0x5617e5a0,220,"UNARY_MINUS native runtime.js:283",0x56139944,
code-creation,LazyCompile,0x5617e680,220,"BIT_NOT native runtime.js:290",0x561399a0,
code-creation,LazyCompile,0x5617e760,304,"SHL native runtime.js:297",0x561399fc,
code-creation,LazyCompile,0x5617e8a0,440,"SAR native runtime.js:305",0x56139a58,
code-creation,LazyCompile,0x5617ea60,304,"SHR native runtime.js:327",0x56139ab4,
code-creation,LazyCompile,0x5617eba0,224,"DELETE native runtime.js:341",0x56139b10,
code-creation,Stub,0x5617ec80,204,"FastCloneShallowArrayStub"
code-creation,LazyCompile,0x5617ed60,520,"IN native runtime.js:347",0x56139b6c,
code-creation,Stub,0x5617ef80,196,"FastCloneShallowArrayStub"
code-creation,Stub,0x5617f060,168,"ToBoolean"
code-creation,LazyCompile,0x5617f120,736,"INSTANCE_OF native runtime.js:359",0x56139bc8,
code-creation,LazyCompile,0x5617f400,128,"GET_KEYS native runtime.js:383",0x56139c24,
code-creation,LazyCompile,0x5617f480,276,"FILTER_KEY native runtime.js:391",0x56139c80,
code-creation,Stub,0x5617f5a0,280,"ArgumentsAccessStub"
code-creation,LazyCompile,0x5617f6c0,480,"CALL_NON_FUNCTION native runtime.js:398",0x56139cdc,
code-creation,LazyCompile,0x5617f8a0,480,"CALL_NON_FUNCTION_AS_CONSTRUCTOR native runtime.js:407",0x56139d38,
code-creation,LazyCompile,0x5617fa80,140,"TO_OBJECT native runtime.js:458",0x56139e4c,
code-creation,LazyCompile,0x5617fb20,140,"TO_NUMBER native runtime.js:464",0x56139ea8,
code-creation,LazyCompile,0x5617fbc0,140,"TO_STRING native runtime.js:470",0x56139f04,
code-creation,Stub,0x5617fc60,136,"CompareIC"
code-creation,Stub,0x5617fd00,200,"NumberToStringStub"
code-creation,LazyCompile,0x56180020,628,"STRING_ADD_LEFT native runtime.js:176",0x56139608,
code-creation,LazyCompile,0x561802a0,644,"STRING_ADD_RIGHT native runtime.js:191",0x56139664,
code-creation,Stub,0x56180540,136,"CompareIC"
code-creation,Stub,0x561805e0,136,"CompareIC"
code-creation,Stub,0x56180680,136,"CompareIC"
code-creation,Stub,0x56180720,168,"FastCloneShallowArrayStub"
code-creation,LazyCompile,0x561807e0,1260,"APPLY_PREPARE native runtime.js:416",0x56139d94,
code-creation,LazyCompile,0x56180ce0,208,"APPLY_OVERFLOW native runtime.js:452",0x56139df0,
code-creation,CallInitialize,0x56180dc0,200,"args_count: 0"
code-creation,Script,0x56180ea0,3788,"native v8natives.js",0x5613d180,
code-creation,CallPreMonomorphic,0x56181d80,200,"args_count: 0"
code-creation,CallInitialize,0x56181e60,200,"args_count: 10"
code-creation,CallInitialize,0x56182020,200,"args_count: 3"
code-creation,LazyCompile,0x56182100,660,"SetupGlobal native v8natives.js:153",0x5613b674,
code-creation,CallPreMonomorphic,0x561823a0,200,"args_count: 10"
code-creation,CallPreMonomorphic,0x56182480,200,"args_count: 3"
code-creation,Stub,0x56182560,80,"TypeRecordingBinaryOpStub_SAR_Alloc_Uninitialized"
code-creation,Stub,0x561825c0,80,"TypeRecordingBinaryOpStub_ADD_Alloc_Uninitialized"
code-creation,LazyCompile,0x56182620,724,"InstallFunctions native v8natives.js:49",0x5613b3f0,
code-creation,Stub,0x56182900,160,"CompareIC"
code-creation,Stub,0x561829a0,132,"TypeRecordingBinaryOpStub_SAR_Alloc_SMI"
code-creation,Stub,0x56182a40,160,"CompareIC"
code-creation,KeyedLoadIC,0x56182ae0,128,""
code-creation,KeyedLoadIC,0x56182ae0,128,"args_count: 0"
code-creation,Stub,0x56182b60,128,"TypeRecordingBinaryOpStub_ADD_Alloc_SMI"
code-creation,LazyCompile,0x56182be0,308,"$Object.constructor native v8natives.js:180",0x5613c978,
code-creation,CallPreMonomorphic,0x56182d20,200,"args_count: 1"
code-creation,LazyCompile,0x56182e00,456,"ToBoolean native runtime.js:493",0x5613a020,
code-creation,StoreIC,0x56182fe0,152,"constructor"
code-creation,StoreIC,0x56182fe0,152,"constructor"
code-creation,LazyCompile,0x56183080,392,"a native v8natives.js:923",0x5613d0a8,
code-creation,CallInitialize,0x56183220,200,"args_count: 20"
code-creation,CallInitialize,0x56183300,200,"args_count: 26"
code-creation,LazyCompile,0x561833e0,1240,"SetupObject native v8natives.js:938",0x5613c3b8,
code-creation,CallPreMonomorphic,0x561838c0,200,"args_count: 20"
code-creation,CallPreMonomorphic,0x561839a0,200,"args_count: 26"
code-creation,CallInitialize,0x56183a80,200,"args_count: 4"
code-creation,LazyCompile,0x56183b60,296,"SetupBoolean native v8natives.js:1001",0x5613c4cc,
code-creation,CallPreMonomorphic,0x56183ca0,200,"args_count: 4"
code-creation,LazyCompile,0x56183d80,352,"b native v8natives.js:1014",0x5613d104,
code-creation,Stub,0x56183ee0,156,"CompareIC"
code-creation,LazyCompile,0x56184020,536,"ToNumber native runtime.js:503",0x5613a07c,
code-creation,CallInitialize,0x56184240,200,"args_count: 12"
code-creation,LazyCompile,0x56184320,1204,"SetupNumber native v8natives.js:1106",0x5613c750,
code-creation,CallPreMonomorphic,0x561847e0,200,"args_count: 12"
code-creation,Stub,0x561848c0,80,"TypeRecordingBinaryOpStub_SUB_Alloc_Uninitialized"
code-creation,Stub,0x56184920,140,"ArgumentsAccessStub"
code-creation,Stub,0x561849c0,88,"ToNumberStub"
code-creation,Stub,0x56184a20,80,"TypeRecordingBinaryOpStub_ADD_OverwriteLeft_Uninitialized"
code-creation,Stub,0x56184a80,244,"CallFunction"
code-creation,LazyCompile,0x56184b80,1316,"NewFunction native v8natives.js:1248",0x5613c8c0,
code-creation,LazyCompile,0x561850c0,296,"SetupFunction native v8natives.js:1274",0x5613c91c,
code-creation,Script,0x56185200,280,"native array.js",0x5613ee24,
code-creation,Stub,0x56185320,168,"FastNewContextStub"
code-creation,Function,0x561853e0,344,"getFunction native array.js:1192",0x5613f454,
code-creation,Stub,0x56185540,188,"FastNewClosureStub"
code-creation,Stub,0x56185600,244,"CallFunction"
code-creation,Stub,0x56185700,244,"CallFunction"
code-creation,CallInitialize,0x56185800,200,"args_count: 42"
code-creation,Function,0x561858e0,152,"SetupArray.InternalArray.toString native array.js:1243",0x5613f4cc,
code-creation,LazyCompile,0x56186020,3452,"SetupArray native array.js:1180",0x5613eda8,
code-creation,CallPreMonomorphic,0x56186da0,200,"args_count: 2"
code-creation,LazyCompile,0x56186e80,208,"hasOwnProperty native v8natives.js:216",0x5613b7e4,
code-creation,LazyCompile,0x56186f60,576,"ToObject native runtime.js:543",0x5613a1ec,
code-creation,LazyCompile,0x561871a0,488,"ToString native runtime.js:526",0x5613a134,
code-creation,CallMiss,0x561873a0,200,"args_count: 1"
code-creation,CallIC,0x56187480,132,"hasOwnProperty"
code-creation,CallIC,0x56187520,124,"ToObject"
code-creation,CallIC,0x561875a0,124,"ToString"
code-creation,KeyedLoadIC,0x56187620,104,"push"
code-creation,KeyedLoadIC,0x56187620,104,"push"
code-creation,KeyedLoadIC,0x561876a0,104,"concat"
code-creation,KeyedLoadIC,0x561876a0,104,"concat"
code-creation,CallPreMonomorphic,0x56187720,200,"args_count: 42"
code-creation,LazyCompile,0x56187800,248,"InstallFunctionsOnHiddenPrototype native v8natives.js:67",0x5613b44c,
code-creation,Stub,0x56187900,168,"FastCloneShallowArrayStub"
code-creation,Script,0x561879c0,1172,"native string.js",0x56140de8,
code-creation,LazyCompile,0x56187e60,404,"b native string.js:36",0x56140c58,
code-creation,CallInitialize,0x56188020,200,"args_count: 70"
code-creation,LazyCompile,0x56188100,1880,"SetupString native string.js:863",0x56140bfc,
code-creation,CallPreMonomorphic,0x56188860,200,"args_count: 70"
code-creation,LoadIC,0x56188940,88,"$Object"
code-creation,LoadIC,0x56188940,88,"$Object"
code-creation,CallMiss,0x561889a0,200,"args_count: 3"
code-creation,CallIC,0x56188a80,124,"InstallFunctions"
code-creation,Script,0x56188b00,288,"native uri.js",0x56141e44,
code-creation,LazyCompile,0x56188c20,436,"SetupURI native uri.js:389",0x56141dc8,
code-creation,Script,0x56188de0,744,"native math.js",0x56142a28,
code-creation,LazyCompile,0x561890e0,92,"MathConstructor native math.js:38",0x561422d8,
code-creation,CallInitialize,0x56189140,200,"args_count: 36"
code-creation,LazyCompile,0x56189220,1700,"SetupMath native math.js:198",0x561429ac,
code-creation,CallPreMonomorphic,0x561898e0,200,"args_count: 36"
code-creation,Script,0x5618a020,5528,"native messages.js",0x56145404,
code-creation,LazyCompile,0x5618b5c0,180,"kMessages.cyclic_proto native messages.js:133",0x56144808,
code-creation,Function,0x5618b680,92,"ErrorPrototype native messages.js:984",0x56145e18,
code-creation,Function,0x5618b6e0,212," native messages.js:1010",0x56145e94,
code-creation,Function,0x5618b7c0,652," native messages.js:999",0x56145f10,
code-creation,LazyCompile,0x5618ba60,1020,"DefineError native messages.js:968",0x56144698,
code-creation,Stub,0x5618c020,1452,"StringAdd"
code-creation,Stub,0x5618c5e0,1452,"StringAdd"
code-creation,Stub,0x5618cba0,160,"TypeRecordingBinaryOpStub_ADD_Alloc_Strings"
code-creation,Stub,0x5618cc40,548,"CompareStub_EQ_r1_r0"
code-creation,LoadIC,0x5618ce80,88,"global"
code-creation,LoadIC,0x5618ce80,88,"global"
code-creation,Stub,0x5618cee0,516,"CompareStub_EQ_r1_r0_STRICT"
code-creation,Function,0x5618d100,148," native messages.js:1031",0x56146020,
code-creation,LazyCompile,0x5618d1a0,672,"captureStackTrace native messages.js:1023",0x561446f4,
code-creation,LoadIC,0x5618d440,100,"$Error"
code-creation,LoadIC,0x5618d440,100,"$Error"
code-creation,LoadIC,0x5618d4c0,88,"kAddMessageAccessorsMarker"
code-creation,LoadIC,0x5618d4c0,88,"kAddMessageAccessorsMarker"
code-creation,CallMiss,0x5618d520,200,"args_count: 2"
code-creation,CallIC,0x5618d600,124,"captureStackTrace"
code-creation,LoadIC,0x5618d680,140,""
code-creation,LoadIC,0x5618d680,140,""
code-creation,LazyCompile,0x5618d720,172,"MakeRangeError native messages.js:277",0x56144134,
code-creation,LazyCompile,0x5618d7e0,320,"MakeGenericError native messages.js:117",0x56143f44,
code-creation,Stub,0x5618d920,180,"FastNewContextStub"
code-creation,Stub,0x5618d9e0,244,"CallFunction"
code-creation,Function,0x5618dae0,396,"DefineOneShotAccessor.a.__defineSetter__.d native messages.js:683",0x56146124,
code-creation,Function,0x5618dc80,240," native messages.js:691",0x561461a0,
code-creation,LazyCompile,0x5618dd80,476,"DefineOneShotAccessor native messages.js:677",0x56144470,
code-creation,LazyCompile,0x5618e020,708,"__defineGetter__ native v8natives.js:235",0x5613b8f8,
code-creation,LazyCompile,0x5618e300,560,"PropertyDescriptor native v8natives.js:376",0x5613bcec,
code-creation,LazyCompile,0x5618e540,168,"PropertyDescriptor.setGet native v8natives.js:462",0x5613ce80,
code-creation,StoreIC,0x5618e600,148,"get_"
code-creation,StoreIC,0x5618e600,148,"get_"
code-creation,StoreIC,0x5618e6a0,148,"hasGetter_"
code-creation,StoreIC,0x5618e6a0,148,"hasGetter_"
code-creation,LazyCompile,0x5618e740,168,"PropertyDescriptor.setEnumerable native v8natives.js:414",0x5613cb44,
code-creation,StoreIC,0x5618e800,148,"enumerable_"
code-creation,StoreIC,0x5618e800,148,"enumerable_"
code-creation,StoreIC,0x5618e8a0,148,"hasEnumerable_"
code-creation,StoreIC,0x5618e8a0,148,"hasEnumerable_"
code-creation,LazyCompile,0x5618e940,168,"PropertyDescriptor.setConfigurable native v8natives.js:446",0x5613cd6c,
code-creation,StoreIC,0x5618ea00,148,"configurable_"
code-creation,StoreIC,0x5618ea00,148,"configurable_"
code-creation,StoreIC,0x5618eaa0,148,"hasConfigurable_"
code-creation,StoreIC,0x5618eaa0,148,"hasConfigurable_"
code-creation,Stub,0x5618eb40,80,"TypeRecordingBinaryOpStub_BIT_OR_Alloc_Uninitialized"
code-creation,LazyCompile,0x55584020,9000,"DefineOwnProperty native v8natives.js:554",0x5613beb8,
code-creation,LazyCompile,0x5618eba0,776,"ConvertDescriptorArrayToDescriptor native v8natives.js:497",0x5613bd48,
code-creation,LazyCompile,0x5618eec0,120,"PropertyDescriptor.hasEnumerable native v8natives.js:425",0x5613cbfc,
code-creation,LazyCompile,0x5618ef40,120,"PropertyDescriptor.isEnumerable native v8natives.js:420",0x5613cba0,
code-creation,Stub,0x5618efc0,124,"TypeRecordingBinaryOpStub_BIT_OR_Alloc_SMI"
code-creation,LazyCompile,0x5618f040,120,"PropertyDescriptor.hasConfigurable native v8natives.js:452",0x5613cdc8,
code-creation,LazyCompile,0x5618f0c0,120,"PropertyDescriptor.isConfigurable native v8natives.js:457",0x5613ce24,
code-creation,LazyCompile,0x5618f140,284,"IsDataDescriptor native v8natives.js:297",0x5613bb20,
code-creation,LazyCompile,0x5618f260,332,"IsGenericDescriptor native v8natives.js:304",0x5613bb7c,
code-creation,LazyCompile,0x5618f3c0,284,"IsAccessorDescriptor native v8natives.js:290",0x5613bac4,
code-creation,CallIC,0x5618f4e0,124,"IsAccessorDescriptor"
code-creation,LoadIC,0x5618f560,84,"hasGetter_"
code-creation,LoadIC,0x5618f560,84,"hasGetter_"
code-creation,LazyCompile,0x5618f5c0,120,"PropertyDescriptor.hasGetter native v8natives.js:473",0x5613cf38,
code-creation,LazyCompile,0x5618f640,120,"PropertyDescriptor.getGet native v8natives.js:468",0x5613cedc,
code-creation,LazyCompile,0x5618f6c0,120,"PropertyDescriptor.hasSetter native v8natives.js:489",0x5613d04c,
code-creation,LazyCompile,0x5618f740,708,"__defineSetter__ native v8natives.js:258",0x5613b9b0,
code-creation,StoreIC,0x5618fa20,160,"value_"
code-creation,StoreIC,0x5618fa20,160,"value_"
code-creation,StoreIC,0x5618fac0,160,"hasValue_"
code-creation,StoreIC,0x5618fac0,160,"hasValue_"
code-creation,StoreIC,0x5618fb60,160,"writable_"
code-creation,StoreIC,0x5618fb60,160,"writable_"
code-creation,StoreIC,0x5618fc00,160,"hasWritable_"
code-creation,StoreIC,0x5618fc00,160,"hasWritable_"
code-creation,StoreIC,0x5618fca0,160,"enumerable_"
code-creation,StoreIC,0x5618fca0,160,"enumerable_"
code-creation,StoreIC,0x5618fd40,160,"hasEnumerable_"
code-creation,StoreIC,0x5618fd40,160,"hasEnumerable_"
code-creation,StoreIC,0x5618fde0,160,"configurable_"
code-creation,StoreIC,0x5618fde0,160,"configurable_"
code-creation,StoreIC,0x5618fe80,160,"hasConfigurable_"
code-creation,StoreIC,0x5618fe80,160,"hasConfigurable_"
code-creation,StoreIC,0x5618ff20,160,"get_"
code-creation,StoreIC,0x5618ff20,160,"get_"
code-creation,StoreIC,0x56190020,160,"hasGetter_"
code-creation,StoreIC,0x56190020,160,"hasGetter_"
code-creation,StoreIC,0x561900c0,160,"set_"
code-creation,StoreIC,0x561900c0,160,"set_"
code-creation,StoreIC,0x56190160,160,"hasSetter_"
code-creation,StoreIC,0x56190160,160,"hasSetter_"
code-creation,LazyCompile,0x56190200,168,"PropertyDescriptor.setSet native v8natives.js:478",0x5613cf94,
code-creation,StoreIC,0x561902c0,148,"set_"
code-creation,StoreIC,0x561902c0,148,"set_"
code-creation,StoreIC,0x56190360,148,"hasSetter_"
code-creation,StoreIC,0x56190360,148,"hasSetter_"
code-creation,CallIC,0x56190400,124,"ConvertDescriptorArrayToDescriptor"
code-creation,LoadIC,0x56190480,84,"hasValue_"
code-creation,LoadIC,0x56190480,84,"hasValue_"
code-creation,LoadIC,0x561904e0,84,"hasWritable_"
code-creation,LoadIC,0x561904e0,84,"hasWritable_"
code-creation,LoadIC,0x56190540,84,"hasEnumerable_"
code-creation,LoadIC,0x56190540,84,"hasEnumerable_"
code-creation,LoadIC,0x561905a0,84,"enumerable_"
code-creation,LoadIC,0x561905a0,84,"enumerable_"
code-creation,Stub,0x56190600,80,"TypeRecordingBinaryOpStub_DIV_Alloc_Uninitialized"
code-creation,LazyCompile,0x56190660,568,"SameValue native runtime.js:576",0x5613a35c,
code-creation,LoadIC,0x561908a0,84,"hasConfigurable_"
code-creation,LoadIC,0x561908a0,84,"hasConfigurable_"
code-creation,LoadIC,0x56190900,84,"configurable_"
code-creation,LoadIC,0x56190900,84,"configurable_"
code-creation,LazyCompile,0x56190960,120,"PropertyDescriptor.hasWritable native v8natives.js:441",0x5613cd10,
code-creation,LazyCompile,0x561909e0,120,"PropertyDescriptor.hasValue native v8natives.js:409",0x5613cae8,
code-creation,LoadIC,0x56190a60,84,"hasSetter_"
code-creation,LoadIC,0x56190a60,84,"hasSetter_"
code-creation,LazyCompile,0x56190ac0,120,"PropertyDescriptor.getSet native v8natives.js:484",0x5613cff0,
code-creation,LoadIC,0x56190b40,84,"set_"
code-creation,LoadIC,0x56190b40,84,"set_"
code-creation,CallMiss,0x56190ba0,200,"args_count: 0"
code-creation,CallIC,0x56190c80,128,"hasEnumerable"
code-creation,CallIC,0x56190d00,128,"isEnumerable"
code-creation,CallIC,0x56190d80,128,"hasConfigurable"
code-creation,CallIC,0x56190e00,128,"isConfigurable"
code-creation,CallIC,0x56190e80,124,"IsDataDescriptor"
code-creation,CallIC,0x56190f00,124,"IsGenericDescriptor"
code-creation,CallIC,0x56190f80,128,"hasGetter"
code-creation,CallIC,0x56191000,128,"hasSetter"
code-creation,LoadIC,0x56191080,140,""
code-creation,LoadIC,0x56191080,140,""
code-creation,StoreIC,0x56191120,152,"type"
code-creation,StoreIC,0x56191120,152,"type"
code-creation,StoreIC,0x561911c0,152,"arguments"
code-creation,StoreIC,0x561911c0,152,"arguments"
code-creation,Script,0x56191260,292,"native apinatives.js",0x56146844,
code-creation,Stub,0x561913a0,212,"FastCloneShallowArrayStub"
code-creation,Script,0x56191480,1912,"native date.js",0x56148bc0,
code-creation,StoreIC,0x56191c00,148,"time"
code-creation,StoreIC,0x56191c00,148,"time"
code-creation,StoreIC,0x56191ca0,148,"year"
code-creation,StoreIC,0x56191ca0,148,"year"
code-creation,Stub,0x56191d40,136,"CompareIC"
code-creation,LazyCompile,0x56192020,2448,"WeekDays native date.js:398",0x56148b44,
code-creation,LazyCompile,0x561929c0,436,"TimeClip native date.js:378",0x561475ec,
code-creation,LazyCompile,0x56192b80,356,"isFinite native v8natives.js:85",0x5613b504,
code-creation,Stub,0x56192d00,216,"TypeRecordingBinaryOpStub_SUB_Alloc_HeapNumbers"
code-creation,Stub,0x56192de0,236,"CompareIC"
code-creation,CallInitialize,0x56192ee0,200,"args_count: 6"
code-creation,CallInitialize,0x56192fc0,200,"args_count: 92"
code-creation,LazyCompile,0x561930a0,2400,"SetupDate native date.js:1040",0x56148ae8,
code-creation,CallPreMonomorphic,0x56193a00,200,"args_count: 6"
code-creation,CallPreMonomorphic,0x56193ae0,200,"args_count: 92"
code-creation,Script,0x56193bc0,276,"native json.js",0x56149d04,
code-creation,LazyCompile,0x56193ce0,276,"SetupJSON native json.js:335",0x56149c88,
code-creation,Script,0x56194020,552,"native regexp.js",0x5614a64c,
code-creation,Function,0x56194260,212,"RegExpGetInput native regexp.js:422",0x5614a94c,
code-creation,Function,0x56194340,188,"RegExpSetInput native regexp.js:426",0x5614a9c8,
code-creation,Function,0x56194400,104,"RegExpGetMultiline native regexp.js:446",0x5614aa40,
code-creation,Function,0x56194480,256,"RegExpSetMultiline native regexp.js:447",0x5614aabc,
code-creation,Function,0x56194580,92,"NoOpSetter native regexp.js:455",0x5614ab38,
code-creation,CallInitialize,0x561945e0,200,"args_count: 8"
code-creation,CallInitialize,0x561946c0,200,"args_count: 1"
code-creation,LazyCompile,0x561947a0,4052,"SetupRegExp native regexp.js:403",0x5614a5d0,
code-creation,LazyCompile,0x56195780,328,"RegExpConstructor native regexp.js:81",0x5614a124,
code-creation,CallPreMonomorphic,0x561958e0,200,"args_count: 8"
code-creation,LazyCompile,0x561959c0,496,"ToPrimitive native runtime.js:482",0x56139f60,
code-creation,CallPreMonomorphic,0x56195bc0,200,"args_count: 1"
code-creation,Stub,0x56195ca0,80,"TypeRecordingBinaryOpStub_MUL_Alloc_Uninitialized"
code-creation,Stub,0x56195d00,80,"TypeRecordingBinaryOpStub_ADD_OverwriteRight_Uninitialized"
code-creation,Function,0x56196020,900," native regexp.js:366",0x5615365c,
code-creation,LazyCompile,0x561963c0,212,"RegExpMakeCaptureGetter native regexp.js:365",0x5614a574,
code-creation,CallIC,0x561964a0,124,"ToPrimitive"
code-creation,LoadIC,0x56196520,88,"$RegExp"
code-creation,LoadIC,0x56196520,88,"$RegExp"
code-creation,CallIC,0x56196580,124,"RegExpMakeCaptureGetter"
code-delete,0x56182ae0
code-delete,0x56182fe0
code-delete,0x56187480
code-delete,0x56187520
code-delete,0x561875a0
code-delete,0x56187620
code-delete,0x561876a0
code-delete,0x56188940
code-delete,0x56188a80
code-delete,0x5618ce80
code-delete,0x5618d440
code-delete,0x5618d4c0
code-delete,0x5618d600
code-delete,0x5618d680
code-delete,0x5618e600
code-delete,0x5618e6a0
code-delete,0x5618e800
code-delete,0x5618e8a0
code-delete,0x5618ea00
code-delete,0x5618eaa0
code-delete,0x5618f4e0
code-delete,0x5618f560
code-delete,0x5618fa20
code-delete,0x5618fac0
code-delete,0x5618fb60
code-delete,0x5618fc00
code-delete,0x5618fca0
code-delete,0x5618fd40
code-delete,0x5618fde0
code-delete,0x5618fe80
code-delete,0x5618ff20
code-delete,0x56190020
code-delete,0x561900c0
code-delete,0x56190160
code-delete,0x561902c0
code-delete,0x56190360
code-delete,0x56190400
code-delete,0x56190480
code-delete,0x561904e0
code-delete,0x56190540
code-delete,0x561905a0
code-delete,0x561908a0
code-delete,0x56190900
code-delete,0x56190a60
code-delete,0x56190b40
code-delete,0x56190c80
code-delete,0x56190d00
code-delete,0x56190d80
code-delete,0x56190e00
code-delete,0x56190e80
code-delete,0x56190f00
code-delete,0x56190f80
code-delete,0x56191000
code-delete,0x56191080
code-delete,0x56191120
code-delete,0x561911c0
code-delete,0x56191c00
code-delete,0x56191ca0
code-delete,0x561964a0
code-delete,0x56196520
code-delete,0x56196580
sfi-move,0x56138228,0x56138228
sfi-move,0x561382b4,0x561382b4
sfi-move,0x5613838c,0x5613838c
sfi-move,0x5613840c,0x5613840c
sfi-move,0x5613848c,0x5613848c
sfi-move,0x56138524,0x56138524
sfi-move,0x561385b4,0x561385b4
sfi-move,0x56138634,0x56138634
sfi-move,0x561386b4,0x561386b4
sfi-move,0x56138734,0x56138734
sfi-move,0x561387b4,0x561387b4
sfi-move,0x56138834,0x56138834
sfi-move,0x561388b4,0x561388b4
sfi-move,0x56138934,0x56138934
sfi-move,0x561389c0,0x561389c0
sfi-move,0x56138a60,0x56138a60
sfi-move,0x56138ae0,0x56138ae0
sfi-move,0x56138b60,0x56138b60
sfi-move,0x56138be0,0x56138be0
sfi-move,0x56138c60,0x56138c60
sfi-move,0x56138e8c,0x56138e8c
sfi-move,0x56139014,0x56139014
sfi-move,0x56139094,0x56139094
sfi-move,0x56139158,0x56139158
sfi-move,0x561391e4,0x561391e4
sfi-move,0x56139498,0x56139448
sfi-move,0x561394f4,0x561394a4
sfi-move,0x56139550,0x56139500
sfi-move,0x561395ac,0x5613955c
sfi-move,0x56139608,0x561395b8
sfi-move,0x56139664,0x56139614
sfi-move,0x561396c0,0x56139670
sfi-move,0x5613971c,0x561396cc
sfi-move,0x56139778,0x56139728
sfi-move,0x561397d4,0x56139784
sfi-move,0x56139830,0x561397e0
sfi-move,0x5613988c,0x5613983c
sfi-move,0x561398e8,0x56139898
sfi-move,0x56139944,0x561398f4
sfi-move,0x561399a0,0x56139950
sfi-move,0x561399fc,0x561399ac
sfi-move,0x56139a58,0x56139a08
sfi-move,0x56139ab4,0x56139a64
sfi-move,0x56139b10,0x56139ac0
sfi-move,0x56139b6c,0x56139b1c
sfi-move,0x56139bc8,0x56139b78
sfi-move,0x56139c24,0x56139bd4
sfi-move,0x56139c80,0x56139c30
sfi-move,0x56139cdc,0x56139c8c
sfi-move,0x56139d38,0x56139ce8
sfi-move,0x56139d94,0x56139d44
sfi-move,0x56139df0,0x56139da0
sfi-move,0x56139e4c,0x56139dfc
sfi-move,0x56139ea8,0x56139e58
sfi-move,0x56139f04,0x56139eb4
sfi-move,0x56139f60,0x56139f10
sfi-move,0x5613a020,0x56139fa4
sfi-move,0x5613a07c,0x5613a020
sfi-move,0x5613a0d8,0x5613a07c
sfi-move,0x5613a134,0x5613a0d8
sfi-move,0x5613a190,0x5613a134
sfi-move,0x5613a1ec,0x5613a190
sfi-move,0x5613a248,0x5613a1ec
sfi-move,0x5613a2a4,0x5613a248
sfi-move,0x5613a300,0x5613a2a4
sfi-move,0x5613a35c,0x5613a300
sfi-move,0x5613a3b8,0x5613a35c
sfi-move,0x5613a414,0x5613a3b8
sfi-move,0x5613a470,0x5613a414
sfi-move,0x5613a4ec,0x5613a490
sfi-move,0x5613b3f0,0x5613b250
sfi-move,0x5613b44c,0x5613b2ac
sfi-move,0x5613b4a8,0x5613b308
sfi-move,0x5613b504,0x5613b364
sfi-move,0x5613b560,0x5613b3c0
sfi-move,0x5613b5bc,0x5613b41c
sfi-move,0x5613b618,0x5613b478
sfi-move,0x5613b674,0x5613b4d4
sfi-move,0x5613b6d0,0x5613b530
sfi-move,0x5613b72c,0x5613b58c
sfi-move,0x5613b788,0x5613b5e8
sfi-move,0x5613b7e4,0x5613b644
sfi-move,0x5613b840,0x5613b6a0
sfi-move,0x5613b89c,0x5613b6fc
sfi-move,0x5613b8f8,0x5613b758
sfi-move,0x5613b954,0x5613b7b4
sfi-move,0x5613b9b0,0x5613b810
sfi-move,0x5613ba0c,0x5613b86c
sfi-move,0x5613ba68,0x5613b8c8
sfi-move,0x5613bac4,0x5613b924
sfi-move,0x5613bb20,0x5613b980
sfi-move,0x5613bb7c,0x5613b9dc
sfi-move,0x5613bbd8,0x5613ba38
sfi-move,0x5613bc34,0x5613ba94
sfi-move,0x5613bc90,0x5613baf0
sfi-move,0x5613bcec,0x5613bb4c
sfi-move,0x5613bd48,0x5613bba8
sfi-move,0x5613bda4,0x5613bc04
sfi-move,0x5613be00,0x5613bc60
sfi-move,0x5613be5c,0x5613bcbc
sfi-move,0x5613beb8,0x5613bd18
sfi-move,0x5613bf14,0x5613bd74
sfi-move,0x5613bf70,0x5613bdd0
sfi-move,0x5613c020,0x5613be58
sfi-move,0x5613c07c,0x5613beb4
sfi-move,0x5613c0d8,0x5613bf10
sfi-move,0x5613c134,0x5613bf6c
sfi-move,0x5613c190,0x5613c020
sfi-move,0x5613c1ec,0x5613c07c
sfi-move,0x5613c248,0x5613c0d8
sfi-move,0x5613c2a4,0x5613c134
sfi-move,0x5613c300,0x5613c190
sfi-move,0x5613c35c,0x5613c1ec
sfi-move,0x5613c3b8,0x5613c248
sfi-move,0x5613c414,0x5613c2a4
sfi-move,0x5613c470,0x5613c300
sfi-move,0x5613c4cc,0x5613c35c
sfi-move,0x5613c528,0x5613c3b8
sfi-move,0x5613c584,0x5613c414
sfi-move,0x5613c5e0,0x5613c470
sfi-move,0x5613c63c,0x5613c4cc
sfi-move,0x5613c698,0x5613c528
sfi-move,0x5613c6f4,0x5613c584
sfi-move,0x5613c750,0x5613c5e0
sfi-move,0x5613c7ac,0x5613c63c
sfi-move,0x5613c808,0x5613c698
sfi-move,0x5613c864,0x5613c6f4
sfi-move,0x5613c8c0,0x5613c750
sfi-move,0x5613c91c,0x5613c7ac
sfi-move,0x5613c978,0x5613c808
sfi-move,0x5613c9d4,0x5613c864
sfi-move,0x5613ca30,0x5613c8c0
sfi-move,0x5613ca8c,0x5613c91c
sfi-move,0x5613cae8,0x5613c978
sfi-move,0x5613cb44,0x5613c9d4
sfi-move,0x5613cba0,0x5613ca30
sfi-move,0x5613cbfc,0x5613ca8c
sfi-move,0x5613cc58,0x5613cae8
sfi-move,0x5613ccb4,0x5613cb44
sfi-move,0x5613cd10,0x5613cba0
sfi-move,0x5613cd6c,0x5613cbfc
sfi-move,0x5613cdc8,0x5613cc58
sfi-move,0x5613ce24,0x5613ccb4
sfi-move,0x5613ce80,0x5613cd10
sfi-move,0x5613cedc,0x5613cd6c
sfi-move,0x5613cf38,0x5613cdc8
sfi-move,0x5613cf94,0x5613ce24
sfi-move,0x5613cff0,0x5613ce80
sfi-move,0x5613d04c,0x5613cedc
sfi-move,0x5613d0a8,0x5613cf38
sfi-move,0x5613d104,0x5613cf94
sfi-move,0x5613d180,0x5613d010
sfi-move,0x5613e1cc,0x5613dfa4
sfi-move,0x5613e228,0x5613e020
sfi-move,0x5613e284,0x5613e07c
sfi-move,0x5613e2e0,0x5613e0d8
sfi-move,0x5613e33c,0x5613e134
sfi-move,0x5613e398,0x5613e190
sfi-move,0x5613e3f4,0x5613e1ec
sfi-move,0x5613e450,0x5613e248
sfi-move,0x5613e4ac,0x5613e2a4
sfi-move,0x5613e508,0x5613e300
sfi-move,0x5613e564,0x5613e35c
sfi-move,0x5613e5c0,0x5613e3b8
sfi-move,0x5613e61c,0x5613e414
sfi-move,0x5613e678,0x5613e470
sfi-move,0x5613e6d4,0x5613e4cc
sfi-move,0x5613e730,0x5613e528
sfi-move,0x5613e78c,0x5613e584
sfi-move,0x5613e7e8,0x5613e5e0
sfi-move,0x5613e844,0x5613e63c
sfi-move,0x5613e8a0,0x5613e698
sfi-move,0x5613e8fc,0x5613e6f4
sfi-move,0x5613e958,0x5613e750
sfi-move,0x5613e9b4,0x5613e7ac
sfi-move,0x5613ea10,0x5613e808
sfi-move,0x5613ea6c,0x5613e864
sfi-move,0x5613eac8,0x5613e8c0
sfi-move,0x5613eb24,0x5613e91c
sfi-move,0x5613eb80,0x5613e978
sfi-move,0x5613ebdc,0x5613e9d4
sfi-move,0x5613ec38,0x5613ea30
sfi-move,0x5613ec94,0x5613ea8c
sfi-move,0x5613ecf0,0x5613eae8
sfi-move,0x5613ed4c,0x5613eb44
sfi-move,0x5613eda8,0x5613eba0
sfi-move,0x5613ee24,0x5613ec1c
sfi-move,0x5613f454,0x5613f228
sfi-move,0x5613f4cc,0x5613f2a0
sfi-move,0x5613f550,0x5613f324
sfi-move,0x5613f5d0,0x5613f3a4
sfi-move,0x5613f650,0x5613f424
sfi-move,0x5613f6d0,0x5613f4a4
sfi-move,0x5613f750,0x5613f524
sfi-move,0x5613f7d0,0x5613f5a4
sfi-move,0x5613f850,0x5613f624
sfi-move,0x5613fbbc,0x5613f930
sfi-move,0x5613fc18,0x5613f98c
sfi-move,0x5613fc74,0x5613f9e8
sfi-move,0x5613fcd0,0x5613fa44
sfi-move,0x5613fd2c,0x5613faa0
sfi-move,0x5613fd88,0x5613fafc
sfi-move,0x5613fde4,0x5613fb58
sfi-move,0x5613fe40,0x5613fbb4
sfi-move,0x5613fe9c,0x5613fc10
sfi-move,0x5613fef8,0x5613fc6c
sfi-move,0x5613ff54,0x5613fcc8
sfi-move,0x56140020,0x5613fd64
sfi-move,0x5614007c,0x5613fdc0
sfi-move,0x561400d8,0x5613fe1c
sfi-move,0x56140134,0x5613fe78
sfi-move,0x56140190,0x5613fed4
sfi-move,0x561401ec,0x5613ff30
sfi-move,0x56140248,0x5613ff8c
sfi-move,0x561402a4,0x56140020
sfi-move,0x56140300,0x5614007c
sfi-move,0x5614035c,0x561400d8
sfi-move,0x561403b8,0x56140134
sfi-move,0x56140414,0x56140190
sfi-move,0x56140470,0x561401ec
sfi-move,0x561404cc,0x56140248
sfi-move,0x56140528,0x561402a4
sfi-move,0x56140584,0x56140300
sfi-move,0x561405e0,0x5614035c
sfi-move,0x5614063c,0x561403b8
sfi-move,0x56140698,0x56140414
sfi-move,0x561406f4,0x56140470
sfi-move,0x56140750,0x561404cc
sfi-move,0x561407ac,0x56140528
sfi-move,0x56140808,0x56140584
sfi-move,0x56140864,0x561405e0
sfi-move,0x561408c0,0x5614063c
sfi-move,0x5614091c,0x56140698
sfi-move,0x56140978,0x561406f4
sfi-move,0x561409d4,0x56140750
sfi-move,0x56140a30,0x561407ac
sfi-move,0x56140a8c,0x56140808
sfi-move,0x56140ae8,0x56140864
sfi-move,0x56140b44,0x561408c0
sfi-move,0x56140ba0,0x5614091c
sfi-move,0x56140bfc,0x56140978
sfi-move,0x56140c58,0x561409d4
sfi-move,0x56140cb4,0x56140a30
sfi-move,0x56140d10,0x56140a8c
sfi-move,0x56140d6c,0x56140ae8
sfi-move,0x56140de8,0x56140b64
sfi-move,0x56141750,0x56141408
sfi-move,0x561417ac,0x56141464
sfi-move,0x56141808,0x561414c0
sfi-move,0x56141864,0x5614151c
sfi-move,0x561418c0,0x56141578
sfi-move,0x5614191c,0x561415d4
sfi-move,0x56141978,0x56141630
sfi-move,0x561419d4,0x5614168c
sfi-move,0x56141a30,0x561416e8
sfi-move,0x56141a8c,0x56141744
sfi-move,0x56141ae8,0x561417a0
sfi-move,0x56141b44,0x561417fc
sfi-move,0x56141ba0,0x56141858
sfi-move,0x56141bfc,0x561418b4
sfi-move,0x56141c58,0x56141910
sfi-move,0x56141cb4,0x5614196c
sfi-move,0x56141d10,0x561419c8
sfi-move,0x56141d6c,0x56141a24
sfi-move,0x56141dc8,0x56141a80
sfi-move,0x56141e44,0x56141afc
sfi-move,0x561422d8,0x56141f40
sfi-move,0x56142334,0x56141f9c
sfi-move,0x56142390,0x56142020
sfi-move,0x561423ec,0x5614207c
sfi-move,0x56142448,0x561420d8
sfi-move,0x561424a4,0x56142134
sfi-move,0x56142500,0x56142190
sfi-move,0x5614255c,0x561421ec
sfi-move,0x561425b8,0x56142248
sfi-move,0x56142614,0x561422a4
sfi-move,0x56142670,0x56142300
sfi-move,0x561426cc,0x5614235c
sfi-move,0x56142728,0x561423b8
sfi-move,0x56142784,0x56142414
sfi-move,0x561427e0,0x56142470
sfi-move,0x5614283c,0x561424cc
sfi-move,0x56142898,0x56142528
sfi-move,0x561428f4,0x56142584
sfi-move,0x56142950,0x561425e0
sfi-move,0x561429ac,0x5614263c
sfi-move,0x56142a28,0x561426b8
sfi-move,0x56143dd4,0x56142bd4
sfi-move,0x56143e30,0x56142c30
sfi-move,0x56143e8c,0x56142c8c
sfi-move,0x56143ee8,0x56142ce8
sfi-move,0x56143f44,0x56142d44
sfi-move,0x56143fa0,0x56142da0
sfi-move,0x56144020,0x56142dfc
sfi-move,0x5614407c,0x56142e58
sfi-move,0x561440d8,0x56142eb4
sfi-move,0x56144134,0x56142f10
sfi-move,0x56144190,0x56142f6c
sfi-move,0x561441ec,0x56142fc8
sfi-move,0x56144248,0x56143024
sfi-move,0x561442a4,0x56143080
sfi-move,0x56144300,0x561430dc
sfi-move,0x5614435c,0x56143138
sfi-move,0x561443b8,0x56143194
sfi-move,0x56144414,0x561431f0
sfi-move,0x56144470,0x5614324c
sfi-move,0x561444cc,0x561432a8
sfi-move,0x56144528,0x56143304
sfi-move,0x56144584,0x56143360
sfi-move,0x561445e0,0x561433bc
sfi-move,0x5614463c,0x56143418
sfi-move,0x56144698,0x56143474
sfi-move,0x561446f4,0x561434d0
sfi-move,0x56144750,0x5614352c
sfi-move,0x561447ac,0x56143588
sfi-move,0x56144808,0x561435e4
sfi-move,0x56144864,0x56143640
sfi-move,0x561448c0,0x5614369c
sfi-move,0x5614491c,0x561436f8
sfi-move,0x56144978,0x56143754
sfi-move,0x561449d4,0x561437b0
sfi-move,0x56144a30,0x5614380c
sfi-move,0x56144a8c,0x56143868
sfi-move,0x56144ae8,0x561438c4
sfi-move,0x56144b44,0x56143920
sfi-move,0x56144ba0,0x5614397c
sfi-move,0x56144bfc,0x561439d8
sfi-move,0x56144c58,0x56143a34
sfi-move,0x56144cb4,0x56143a90
sfi-move,0x56144d10,0x56143aec
sfi-move,0x56144d6c,0x56143b48
sfi-move,0x56144dc8,0x56143ba4
sfi-move,0x56144e24,0x56143c00
sfi-move,0x56144e80,0x56143c5c
sfi-move,0x56144edc,0x56143cb8
sfi-move,0x56144f38,0x56143d14
sfi-move,0x56144f94,0x56143d70
sfi-move,0x56144ff0,0x56143dcc
sfi-move,0x5614504c,0x56143e28
sfi-move,0x561450a8,0x56143e84
sfi-move,0x56145104,0x56143ee0
sfi-move,0x56145160,0x56143f3c
sfi-move,0x561451bc,0x56143f98
sfi-move,0x56145218,0x56144020
sfi-move,0x56145274,0x5614407c
sfi-move,0x561452d0,0x561440d8
sfi-move,0x5614532c,0x56144134
sfi-move,0x56145388,0x56144190
sfi-move,0x56145404,0x5614420c
sfi-move,0x56145e18,0x56144be0
sfi-move,0x56145e94,0x56144c5c
sfi-move,0x56145f10,0x56144cd8
sfi-move,0x56146020,0x56144d84
sfi-move,0x56146124,0x56144e7c
sfi-move,0x561461a0,0x56144ef8
sfi-move,0x561466b8,0x5614535c
sfi-move,0x56146714,0x561453b8
sfi-move,0x56146770,0x56145414
sfi-move,0x561467cc,0x56145470
sfi-move,0x56146844,0x561454e8
sfi-move,0x56146e04,0x56145a60
sfi-move,0x56146e60,0x56145abc
sfi-move,0x56146ebc,0x56145b18
sfi-move,0x56146f18,0x56145b74
sfi-move,0x56146f74,0x56145bd0
sfi-move,0x56146fd0,0x56145c2c
sfi-move,0x5614702c,0x56145c88
sfi-move,0x56147088,0x56145ce4
sfi-move,0x561470e4,0x56145d40
sfi-move,0x56147140,0x56145d9c
sfi-move,0x5614719c,0x56145df8
sfi-move,0x561471f8,0x56145e54
sfi-move,0x56147254,0x56145eb0
sfi-move,0x561472b0,0x56145f0c
sfi-move,0x5614730c,0x56145f68
sfi-move,0x56147368,0x56146020
sfi-move,0x561473c4,0x5614607c
sfi-move,0x56147420,0x561460d8
sfi-move,0x5614747c,0x56146134
sfi-move,0x561474d8,0x56146190
sfi-move,0x56147534,0x561461ec
sfi-move,0x56147590,0x56146248
sfi-move,0x561475ec,0x561462a4
sfi-move,0x56147648,0x56146300
sfi-move,0x561476a4,0x5614635c
sfi-move,0x56147700,0x561463b8
sfi-move,0x5614775c,0x56146414
sfi-move,0x561477b8,0x56146470
sfi-move,0x56147814,0x561464cc
sfi-move,0x56147870,0x56146528
sfi-move,0x561478cc,0x56146584
sfi-move,0x56147928,0x561465e0
sfi-move,0x56147984,0x5614663c
sfi-move,0x561479e0,0x56146698
sfi-move,0x56147a3c,0x561466f4
sfi-move,0x56147a98,0x56146750
sfi-move,0x56147af4,0x561467ac
sfi-move,0x56147b50,0x56146808
sfi-move,0x56147bac,0x56146864
sfi-move,0x56147c08,0x561468c0
sfi-move,0x56147c64,0x5614691c
sfi-move,0x56147cc0,0x56146978
sfi-move,0x56147d1c,0x561469d4
sfi-move,0x56147d78,0x56146a30
sfi-move,0x56147dd4,0x56146a8c
sfi-move,0x56147e30,0x56146ae8
sfi-move,0x56147e8c,0x56146b44
sfi-move,0x56147ee8,0x56146ba0
sfi-move,0x56147f44,0x56146bfc
sfi-move,0x56147fa0,0x56146c58
sfi-move,0x56148020,0x56146cb4
sfi-move,0x5614807c,0x56146d10
sfi-move,0x561480d8,0x56146d6c
sfi-move,0x56148134,0x56146dc8
sfi-move,0x56148190,0x56146e24
sfi-move,0x561481ec,0x56146e80
sfi-move,0x56148248,0x56146edc
sfi-move,0x561482a4,0x56146f38
sfi-move,0x56148300,0x56146f94
sfi-move,0x5614835c,0x56146ff0
sfi-move,0x561483b8,0x5614704c
sfi-move,0x56148414,0x561470a8
sfi-move,0x56148470,0x56147104
sfi-move,0x561484cc,0x56147160
sfi-move,0x56148528,0x561471bc
sfi-move,0x56148584,0x56147218
sfi-move,0x561485e0,0x56147274
sfi-move,0x5614863c,0x561472d0
sfi-move,0x56148698,0x5614732c
sfi-move,0x561486f4,0x56147388
sfi-move,0x56148750,0x561473e4
sfi-move,0x561487ac,0x56147440
sfi-move,0x56148808,0x5614749c
sfi-move,0x56148864,0x561474f8
sfi-move,0x561488c0,0x56147554
sfi-move,0x5614891c,0x561475b0
sfi-move,0x56148978,0x5614760c
sfi-move,0x561489d4,0x56147668
sfi-move,0x56148a30,0x561476c4
sfi-move,0x56148a8c,0x56147720
sfi-move,0x56148ae8,0x5614777c
sfi-move,0x56148b44,0x561477d8
sfi-move,0x56148bc0,0x56147854
sfi-move,0x5614994c,0x56148584
sfi-move,0x561499a8,0x561485e0
sfi-move,0x56149a04,0x5614863c
sfi-move,0x56149a60,0x56148698
sfi-move,0x56149abc,0x561486f4
sfi-move,0x56149b18,0x56148750
sfi-move,0x56149b74,0x561487ac
sfi-move,0x56149bd0,0x56148808
sfi-move,0x56149c2c,0x56148864
sfi-move,0x56149c88,0x561488c0
sfi-move,0x56149d04,0x5614893c
sfi-move,0x5614a0c8,0x56148c48
sfi-move,0x5614a124,0x56148ca4
sfi-move,0x5614a180,0x56148d00
sfi-move,0x5614a1dc,0x56148d5c
sfi-move,0x5614a238,0x56148db8
sfi-move,0x5614a294,0x56148e14
sfi-move,0x5614a2f0,0x56148e70
sfi-move,0x5614a34c,0x56148ecc
sfi-move,0x5614a3a8,0x56148f28
sfi-move,0x5614a404,0x56148f84
sfi-move,0x5614a460,0x56148fe0
sfi-move,0x5614a4bc,0x5614903c
sfi-move,0x5614a518,0x56149098
sfi-move,0x5614a574,0x561490f4
sfi-move,0x5614a5d0,0x56149150
sfi-move,0x5614a64c,0x561491cc
sfi-move,0x5614a94c,0x561494a8
sfi-move,0x5614a9c8,0x56149524
sfi-move,0x5614aa40,0x5614959c
sfi-move,0x5614aabc,0x56149618
sfi-move,0x5614ab38,0x56149694
sfi-move,0x5615365c,0x56151470
sfi-move,0x56153770,0x56151584
sfi-move,0x561537f0,0x56151604
code-move,0x56178020,0x56178020
code-move,0x56178160,0x56178160
code-move,0x561782a0,0x561782a0
code-move,0x561782e0,0x561782e0
code-move,0x56178320,0x56178320
code-move,0x56178360,0x56178360
code-move,0x561783a0,0x561783a0
code-move,0x561783e0,0x561783e0
code-move,0x56178420,0x56178420
code-move,0x56178460,0x56178460
code-move,0x561784a0,0x561784a0
code-move,0x561784e0,0x561784e0
code-move,0x56178520,0x56178520
code-move,0x56178560,0x56178560
code-move,0x561785a0,0x561785a0
code-move,0x561785e0,0x561785e0
code-move,0x56178620,0x56178620
code-move,0x56178660,0x56178660
code-move,0x561786a0,0x561786a0
code-move,0x561786e0,0x561786e0
code-move,0x56178720,0x56178720
code-move,0x56178760,0x56178760
code-move,0x56178840,0x56178840
code-move,0x561788c0,0x561788c0
code-move,0x56178b20,0x56178b20
code-move,0x56178d40,0x56178d40
code-move,0x56178f40,0x56178f40
code-move,0x56179020,0x56179020
code-move,0x561790e0,0x561790e0
code-move,0x56179160,0x56179160
code-move,0x561791e0,0x561791e0
code-move,0x56179280,0x56179280
code-move,0x56179320,0x56179320
code-move,0x561793a0,0x561793a0
code-move,0x56179400,0x56179400
code-move,0x56179440,0x56179440
code-move,0x561794a0,0x561794a0
code-move,0x561794e0,0x561794e0
code-move,0x56179540,0x56179540
code-move,0x561795a0,0x561795a0
code-move,0x561796e0,0x561796e0
code-move,0x56179740,0x56179740
code-move,0x561797a0,0x561797a0
code-move,0x56179840,0x56179840
code-move,0x561798e0,0x561798e0
code-move,0x56179a00,0x56179a00
code-move,0x56179a40,0x56179a40
code-move,0x56179a80,0x56179a80
code-move,0x5617a020,0x5617a020
code-move,0x5617a2c0,0x5617a2c0
code-move,0x5617a340,0x5617a340
code-move,0x5617a3a0,0x5617a3a0
code-move,0x5617a440,0x5617a440
code-move,0x5617a5c0,0x5617a5c0
code-move,0x5617a6e0,0x5617a6e0
code-move,0x5617a740,0x5617a740
code-move,0x5617a7a0,0x5617a7a0
code-move,0x5617a840,0x5617a840
code-move,0x5617a9c0,0x5617a9c0
code-move,0x5617aae0,0x5617aae0
code-move,0x5617ab40,0x5617ab40
code-move,0x5617ab80,0x5617ab80
code-move,0x5617acc0,0x5617acc0
code-move,0x5617ad00,0x5617ad00
code-move,0x5617ae40,0x5617ae40
code-move,0x5617afe0,0x5617afe0
code-move,0x5617b1a0,0x5617b1a0
code-move,0x5617b400,0x5617b400
code-move,0x5617b660,0x5617b660
code-move,0x5617b820,0x5617b820
code-move,0x5617bb80,0x5617bb80
code-move,0x5617bc00,0x5617bc00
code-move,0x5617bc80,0x5617bc80
code-move,0x5617bd00,0x5617bd00
code-move,0x5617bd80,0x5617bd80
code-move,0x5617be00,0x5617be00
code-move,0x5617be80,0x5617be80
code-move,0x5617bf00,0x5617bf00
code-move,0x5617bf80,0x5617bf80
code-move,0x5617c020,0x5617c020
code-move,0x5617c080,0x5617c080
code-move,0x5617c0c0,0x5617c0c0
code-move,0x5617c400,0x5617c400
code-move,0x5617c4e0,0x5617c4e0
code-move,0x5617c5c0,0x5617c5c0
code-move,0x5617cbe0,0x5617cbe0
code-move,0x5617cd60,0x5617cd60
code-move,0x5617ce40,0x5617ce40
code-move,0x5617cee0,0x5617cee0
code-move,0x5617d380,0x5617d380
code-move,0x5617d840,0x5617d840
code-move,0x5617db60,0x5617db60
code-move,0x5617dca0,0x5617dca0
code-move,0x5617dde0,0x5617dde0
code-move,0x5617e020,0x5617e020
code-move,0x5617e160,0x5617e160
code-move,0x5617e2a0,0x5617e2a0
code-move,0x5617e460,0x5617e460
code-move,0x5617e5a0,0x5617e5a0
code-move,0x5617e680,0x5617e680
code-move,0x5617e760,0x5617e760
code-move,0x5617e8a0,0x5617e8a0
code-move,0x5617ea60,0x5617ea60
code-move,0x5617eba0,0x5617eba0
code-move,0x5617ec80,0x5617ec80
code-move,0x5617ed60,0x5617ed60
code-move,0x5617ef80,0x5617ef80
code-move,0x5617f060,0x5617f060
code-move,0x5617f120,0x5617f120
code-move,0x5617f400,0x5617f400
code-move,0x5617f480,0x5617f480
code-move,0x5617f5a0,0x5617f5a0
code-move,0x5617f6c0,0x5617f6c0
code-move,0x5617f8a0,0x5617f8a0
code-move,0x5617fa80,0x5617fa80
code-move,0x5617fb20,0x5617fb20
code-move,0x5617fbc0,0x5617fbc0
code-move,0x5617fc60,0x5617fc60
code-move,0x5617fd00,0x5617fd00
code-move,0x56180020,0x56180020
code-move,0x561802a0,0x561802a0
code-move,0x56180540,0x56180540
code-move,0x561805e0,0x561805e0
code-move,0x56180680,0x56180680
code-move,0x56180720,0x56180720
code-move,0x561807e0,0x561807e0
code-move,0x56180ce0,0x56180ce0
code-move,0x56180dc0,0x56180dc0
code-move,0x56180ea0,0x56180ea0
code-move,0x56181d80,0x56181d80
code-move,0x56181e60,0x56181e60
code-move,0x56182020,0x56182020
code-move,0x56182100,0x56182100
code-move,0x561823a0,0x561823a0
code-move,0x56182480,0x56182480
code-move,0x56182560,0x56182560
code-move,0x561825c0,0x561825c0
code-move,0x56182620,0x56182620
code-move,0x56182900,0x56182900
code-move,0x561829a0,0x561829a0
code-move,0x56182a40,0x56182a40
code-move,0x56182b60,0x56182ae0
code-move,0x56182be0,0x56182b60
code-move,0x56182d20,0x56182ca0
code-move,0x56182e00,0x56182d80
code-move,0x56183080,0x56182f60
code-move,0x56183220,0x56183100
code-move,0x56183300,0x561831e0
code-move,0x561833e0,0x561832c0
code-move,0x561838c0,0x561837a0
code-move,0x561839a0,0x56183880
code-move,0x56183a80,0x56183960
code-move,0x56183b60,0x56183a40
code-move,0x56183ca0,0x56183b80
code-move,0x56183d80,0x56183c60
code-move,0x56183ee0,0x56183dc0
code-move,0x56184020,0x56184020
code-move,0x56184240,0x56184240
code-move,0x56184320,0x56184320
code-move,0x561847e0,0x561847e0
code-move,0x561848c0,0x561848c0
code-move,0x56184920,0x56184920
code-move,0x561849c0,0x561849c0
code-move,0x56184a20,0x56184a20
code-move,0x56184a80,0x56184a80
code-move,0x56184b80,0x56184b80
code-move,0x561850c0,0x561850c0
code-move,0x56185200,0x56185200
code-move,0x56185320,0x56185320
code-move,0x561853e0,0x561853e0
code-move,0x56185540,0x56185540
code-move,0x56185600,0x56185600
code-move,0x56185700,0x56185700
code-move,0x56185800,0x56185800
code-move,0x561858e0,0x561858e0
code-move,0x56186020,0x56186020
code-move,0x56186da0,0x56186da0
code-move,0x56186e80,0x56186e80
code-move,0x56186f60,0x56186f60
code-move,0x561871a0,0x561871a0
code-move,0x561873a0,0x561873a0
code-move,0x56187720,0x56187480
code-move,0x56187800,0x56187560
code-move,0x56187900,0x56187660
code-move,0x561879c0,0x56187720
code-move,0x56187e60,0x56187bc0
code-move,0x56188020,0x56187d60
code-move,0x56188100,0x56188020
code-move,0x56188860,0x56188780
code-move,0x561889a0,0x56188860
code-move,0x56188b00,0x56188940
code-move,0x56188c20,0x56188a60
code-move,0x56188de0,0x56188c20
code-move,0x561890e0,0x56188f20
code-move,0x56189140,0x56188f80
code-move,0x56189220,0x56189060
code-move,0x561898e0,0x56189720
code-move,0x5618a020,0x5618a020
code-move,0x5618b5c0,0x5618b5c0
code-move,0x5618b680,0x5618b680
code-move,0x5618b6e0,0x5618b6e0
code-move,0x5618b7c0,0x5618b7c0
code-move,0x5618ba60,0x5618ba60
code-move,0x5618c020,0x5618c020
code-move,0x5618c5e0,0x5618c5e0
code-move,0x5618cba0,0x5618cba0
code-move,0x5618cc40,0x5618cc40
code-move,0x5618cee0,0x5618ce80
code-move,0x5618d100,0x5618d0a0
code-move,0x5618d1a0,0x5618d140
code-move,0x5618d520,0x5618d3e0
code-move,0x5618d720,0x5618d4c0
code-move,0x5618d7e0,0x5618d580
code-move,0x5618d920,0x5618d6c0
code-move,0x5618d9e0,0x5618d780
code-move,0x5618dae0,0x5618d880
code-move,0x5618dc80,0x5618da20
code-move,0x5618dd80,0x5618db20
code-move,0x5618e020,0x5618dd00
code-move,0x5618e300,0x5618e020
code-move,0x5618e540,0x5618e260
code-move,0x5618e740,0x5618e320
code-move,0x5618e940,0x5618e3e0
code-move,0x5618eb40,0x5618e4a0
code-move,0x5618eba0,0x5618e500
code-move,0x5618eec0,0x5618e820
code-move,0x5618ef40,0x5618e8a0
code-move,0x5618efc0,0x5618e920
code-move,0x5618f040,0x5618e9a0
code-move,0x5618f0c0,0x5618ea20
code-move,0x5618f140,0x5618eaa0
code-move,0x5618f260,0x5618ebc0
code-move,0x5618f3c0,0x5618ed20
code-move,0x5618f5c0,0x5618ee40
code-move,0x5618f640,0x5618eec0
code-move,0x5618f6c0,0x5618ef40
code-move,0x5618f740,0x5618efc0
code-move,0x56190200,0x5618f2a0
code-move,0x56190600,0x5618f360
code-move,0x56190660,0x5618f3c0
code-move,0x56190960,0x5618f600
code-move,0x561909e0,0x5618f680
code-move,0x56190ac0,0x5618f700
code-move,0x56190ba0,0x5618f780
code-move,0x56191260,0x5618f860
code-move,0x561913a0,0x5618f9a0
code-move,0x56191480,0x56190020
code-move,0x56191d40,0x561907a0
code-move,0x56192020,0x56190840
code-move,0x561929c0,0x561911e0
code-move,0x56192b80,0x561913a0
code-move,0x56192d00,0x56191520
code-move,0x56192de0,0x56191600
code-move,0x56192ee0,0x56191700
code-move,0x56192fc0,0x561917e0
code-move,0x561930a0,0x56192020
code-move,0x56193a00,0x56192980
code-move,0x56193ae0,0x56192a60
code-move,0x56193bc0,0x56192b40
code-move,0x56193ce0,0x56192c60
code-move,0x56194020,0x56192d80
code-move,0x56194260,0x56192fc0
code-move,0x56194340,0x561930a0
code-move,0x56194400,0x56193160
code-move,0x56194480,0x561931e0
code-move,0x56194580,0x561932e0
code-move,0x561945e0,0x56193340
code-move,0x561946c0,0x56193420
code-move,0x561947a0,0x56194020
code-move,0x56195780,0x56195000
code-move,0x561958e0,0x56195160
code-move,0x561959c0,0x56195240
code-move,0x56195bc0,0x56195440
code-move,0x56195ca0,0x56195520
code-move,0x56195d00,0x56195580
code-move,0x56196020,0x561955e0
code-move,0x561963c0,0x56195980
